<?xml version="1.0" encoding="UTF-8"?>
<!-- Generated by org.testng.reporters.JUnitXMLReporter -->
<testsuite hostname="JAIN07" ignored="0" name="Computer Test" tests="2" failures="1" timestamp="2023-07-16T22:15:56 BST" time="20.805" errors="0">
  <testcase name="verifyProductAddedToShoppingCartSuccessFully" time="10.898" classname="com.nopcommerce.demo.testsuite.ComputerTest">
    <failure type="java.lang.AssertionError" message="expected [$17,700.00] but found [$2,950.00]">
      <![CDATA[java.lang.AssertionError: expected [$17,700.00] but found [$2,950.00]
at com.nopcommerce.demo.testsuite.ComputerTest.verifyProductAddedToShoppingCartSuccessFully(ComputerTest.java:102)
at java.util.ArrayList.forEach(ArrayList.java:1249)
at com.intellij.rt.testng.IDEARemoteTestNG.run(IDEARemoteTestNG.java:66)
at com.intellij.rt.testng.RemoteTestNGStarter.main(RemoteTestNGStarter.java:105)
... Removed 30 stack frames]]>
    </failure>
  </testcase> <!-- verifyProductAddedToShoppingCartSuccessFully -->
  <testcase name="verifyProductArrangeInAlphaBaticalOrder" time="1.272" classname="com.nopcommerce.demo.testsuite.ComputerTest"/>
</testsuite> <!-- Computer Test -->
