<?xml version="1.0" encoding="UTF-8"?>
<!-- Generated by org.testng.reporters.JUnitXMLReporter -->
<testsuite hostname="JAIN07" ignored="0" name="nop-commerce Test" tests="4" failures="1" timestamp="2023-07-18T21:02:36 BST" time="37.914" errors="0">
  <testcase name="verifyProductAddedToShoppingCartSuccessFully" time="10.894" classname="com.nopcommerce.demo.testsuite.ComputerTest">
    <failure type="java.lang.AssertionError" message="expected [$17,700.00] but found [$2,950.00]">
      <![CDATA[java.lang.AssertionError: expected [$17,700.00] but found [$2,950.00]
at com.nopcommerce.demo.testsuite.ComputerTest.verifyProductAddedToShoppingCartSuccessFully(ComputerTest.java:102)
at java.util.ArrayList.forEach(ArrayList.java:1249)
at com.intellij.rt.testng.IDEARemoteTestNG.run(IDEARemoteTestNG.java:66)
at com.intellij.rt.testng.RemoteTestNGStarter.main(RemoteTestNGStarter.java:105)
... Removed 30 stack frames]]>
    </failure>
  </testcase> <!-- verifyProductAddedToShoppingCartSuccessFully -->
  <testcase name="verifyProductArrangeInAlphaBaticalOrder" time="0.875" classname="com.nopcommerce.demo.testsuite.ComputerTest"/>
  <testcase name="verifyThatTheProductAddedSuccessfullyAndPlaceOrderSuccessfully" time="11.332" classname="com.nopcommerce.demo.testsuite.ElectronicsTest"/>
  <testcase name="verifyUserShouldNavigateToCellPhonesPageSuccessfully" time="1.64" classname="com.nopcommerce.demo.testsuite.ElectronicsTest"/>
</testsuite> <!-- nop-commerce Test -->
